C:\USERS\YAMAYA\DOCUMENTS\VISUAL STUDIO 2012\PROJECTS\CGKADAI3\DEBUG\3DMATH.OBJ
C:\USERS\YAMAYA\DOCUMENTS\VISUAL STUDIO 2012\PROJECTS\CGKADAI3\DEBUG\CGOBJECTS.OBJ
C:\USERS\YAMAYA\DOCUMENTS\VISUAL STUDIO 2012\PROJECTS\CGKADAI3\DEBUG\MAIN.OBJ
C:\USERS\YAMAYA\DOCUMENTS\VISUAL STUDIO 2012\PROJECTS\CGKADAI3\DEBUG\PPMLOAD.OBJ
C:\USERS\YAMAYA\DOCUMENTS\VISUAL STUDIO 2012\PROJECTS\CGKADAI3\DEBUG\VC110.PDB
C:\USERS\YAMAYA\DOCUMENTS\VISUAL STUDIO 2012\PROJECTS\CGKADAI3\DEBUG\MYCAR.OBJ
C:\USERS\YAMAYA\DOCUMENTS\VISUAL STUDIO 2012\PROJECTS\CGKADAI3\DEBUG\GLMETASEQ.OBJ
C:\USERS\YAMAYA\DOCUMENTS\VISUAL STUDIO 2012\PROJECTS\CGKADAI3\DEBUG\MYRACINGCAR.OBJ
C:\USERS\YAMAYA\DOCUMENTS\VISUAL STUDIO 2012\PROJECTS\CGKADAI3\DEBUG\CGKADAI3.ILK
C:\USERS\YAMAYA\DOCUMENTS\VISUAL STUDIO 2012\PROJECTS\CGKADAI3\DEBUG\CGKADAI3.EXE
C:\USERS\YAMAYA\DOCUMENTS\VISUAL STUDIO 2012\PROJECTS\CGKADAI3\DEBUG\CGKADAI3.PDB
C:\Users\yamaya\Documents\Visual Studio 2012\Projects\CGkadai3\Debug\3DMATH.obj
C:\Users\yamaya\Documents\Visual Studio 2012\Projects\CGkadai3\Debug\CGObjects.obj
C:\Users\yamaya\Documents\Visual Studio 2012\Projects\CGkadai3\Debug\GLMetaseq.obj
C:\Users\yamaya\Documents\Visual Studio 2012\Projects\CGkadai3\Debug\main.obj
C:\Users\yamaya\Documents\Visual Studio 2012\Projects\CGkadai3\Debug\MyCar.obj
C:\Users\yamaya\Documents\Visual Studio 2012\Projects\CGkadai3\Debug\MyRacingCar.obj
C:\Users\yamaya\Documents\Visual Studio 2012\Projects\CGkadai3\Debug\ppmload.obj
C:\Users\yamaya\Documents\Visual Studio 2012\Projects\CGkadai3\Debug\CGkadai3.ilk
C:\Users\yamaya\Documents\Visual Studio 2012\Projects\CGkadai3\Debug\cl.command.1.tlog
C:\Users\yamaya\Documents\Visual Studio 2012\Projects\CGkadai3\Debug\CL.read.1.tlog
C:\Users\yamaya\Documents\Visual Studio 2012\Projects\CGkadai3\Debug\CL.write.1.tlog
C:\Users\yamaya\Documents\Visual Studio 2012\Projects\CGkadai3\Debug\link-cvtres.read.1.tlog
C:\Users\yamaya\Documents\Visual Studio 2012\Projects\CGkadai3\Debug\link-cvtres.write.1.tlog
C:\Users\yamaya\Documents\Visual Studio 2012\Projects\CGkadai3\Debug\link-rc.read.1.tlog
C:\Users\yamaya\Documents\Visual Studio 2012\Projects\CGkadai3\Debug\link-rc.write.1.tlog
C:\Users\yamaya\Documents\Visual Studio 2012\Projects\CGkadai3\Debug\link.1504-cvtres.read.1.tlog
C:\Users\yamaya\Documents\Visual Studio 2012\Projects\CGkadai3\Debug\link.1504-cvtres.write.1.tlog
C:\Users\yamaya\Documents\Visual Studio 2012\Projects\CGkadai3\Debug\link.1504-rc.read.1.tlog
C:\Users\yamaya\Documents\Visual Studio 2012\Projects\CGkadai3\Debug\link.1504-rc.write.1.tlog
C:\Users\yamaya\Documents\Visual Studio 2012\Projects\CGkadai3\Debug\link.1504.read.1.tlog
C:\Users\yamaya\Documents\Visual Studio 2012\Projects\CGkadai3\Debug\link.1504.write.1.tlog
C:\Users\yamaya\Documents\Visual Studio 2012\Projects\CGkadai3\Debug\link.2136-cvtres.read.1.tlog
C:\Users\yamaya\Documents\Visual Studio 2012\Projects\CGkadai3\Debug\link.2136-cvtres.write.1.tlog
C:\Users\yamaya\Documents\Visual Studio 2012\Projects\CGkadai3\Debug\link.2136-rc.read.1.tlog
C:\Users\yamaya\Documents\Visual Studio 2012\Projects\CGkadai3\Debug\link.2136-rc.write.1.tlog
C:\Users\yamaya\Documents\Visual Studio 2012\Projects\CGkadai3\Debug\link.2136.read.1.tlog
C:\Users\yamaya\Documents\Visual Studio 2012\Projects\CGkadai3\Debug\link.2136.write.1.tlog
C:\Users\yamaya\Documents\Visual Studio 2012\Projects\CGkadai3\Debug\link.2216-cvtres.read.1.tlog
C:\Users\yamaya\Documents\Visual Studio 2012\Projects\CGkadai3\Debug\link.2216-cvtres.write.1.tlog
C:\Users\yamaya\Documents\Visual Studio 2012\Projects\CGkadai3\Debug\link.2216-rc.read.1.tlog
C:\Users\yamaya\Documents\Visual Studio 2012\Projects\CGkadai3\Debug\link.2216-rc.write.1.tlog
C:\Users\yamaya\Documents\Visual Studio 2012\Projects\CGkadai3\Debug\link.2216.read.1.tlog
C:\Users\yamaya\Documents\Visual Studio 2012\Projects\CGkadai3\Debug\link.2216.write.1.tlog
C:\Users\yamaya\Documents\Visual Studio 2012\Projects\CGkadai3\Debug\link.7808-cvtres.read.1.tlog
C:\Users\yamaya\Documents\Visual Studio 2012\Projects\CGkadai3\Debug\link.7808-cvtres.write.1.tlog
C:\Users\yamaya\Documents\Visual Studio 2012\Projects\CGkadai3\Debug\link.7808-rc.read.1.tlog
C:\Users\yamaya\Documents\Visual Studio 2012\Projects\CGkadai3\Debug\link.7808-rc.write.1.tlog
C:\Users\yamaya\Documents\Visual Studio 2012\Projects\CGkadai3\Debug\link.7808.read.1.tlog
C:\Users\yamaya\Documents\Visual Studio 2012\Projects\CGkadai3\Debug\link.7808.write.1.tlog
C:\Users\yamaya\Documents\Visual Studio 2012\Projects\CGkadai3\Debug\link.8904-cvtres.read.1.tlog
C:\Users\yamaya\Documents\Visual Studio 2012\Projects\CGkadai3\Debug\link.8904-cvtres.write.1.tlog
C:\Users\yamaya\Documents\Visual Studio 2012\Projects\CGkadai3\Debug\link.8904-rc.read.1.tlog
C:\Users\yamaya\Documents\Visual Studio 2012\Projects\CGkadai3\Debug\link.8904-rc.write.1.tlog
C:\Users\yamaya\Documents\Visual Studio 2012\Projects\CGkadai3\Debug\link.8904.read.1.tlog
C:\Users\yamaya\Documents\Visual Studio 2012\Projects\CGkadai3\Debug\link.8904.write.1.tlog
C:\Users\yamaya\Documents\Visual Studio 2012\Projects\CGkadai3\Debug\link.command.1.tlog
C:\Users\yamaya\Documents\Visual Studio 2012\Projects\CGkadai3\Debug\link.read.1.tlog
C:\Users\yamaya\Documents\Visual Studio 2012\Projects\CGkadai3\Debug\link.write.1.tlog
C:\Users\yamaya\Documents\Visual Studio 2012\Projects\CGkadai3\Debug\vc110.idb
C:\Users\yamaya\Documents\Visual Studio 2012\Projects\CGkadai3\Debug\CGkadai3.pdb
C:\Users\yamaya\Documents\Visual Studio 2012\Projects\CGkadai3\Debug\vc110.pdb
C:\Users\yamaya\Documents\Visual Studio 2012\Projects\CGkadai3\Debug\CGkadai3.exe
