2014/02/17 20:38:17 にビルドを開始しました。
     1>ノード 2 上のプロジェクト "C:\Users\yamaya\Documents\Visual Studio 2012\Projects\CGkadai3\CGkadai3.vcxproj" (Build ターゲット)。
     1>ClCompile:
         C:\Program Files (x86)\Microsoft Visual Studio 11.0\VC\bin\CL.exe /c /I"C:\Users\yamaya\Documents\Visual Studio 2010\glut-3.7.6-bin" /I"C:\Users\yamaya\Documents\Visual Studio 2012\Projects\CGkadai3\include" /I"C:\Users\yamaya\Documents\Visual Studio 2012\Projects\CGkadai3" /I"C:\Users\yamaya\Documents\Visual Studio 2012\Projects\CGkadai3\FTFont" /Zi /nologo /W3 /WX- /O2 /Oi /Oy- /GL /D WIN32 /D NDEBUG /D _CONSOLE /D _UNICODE /D UNICODE /Gm- /EHsc /MD /GS /Gy /fp:precise /Zc:wchar_t /Zc:forScope /Fo"Release\\" /Fd"Release\vc110.pdb" /Gd /TP /analyze- /errorReport:prompt CGObjects.cpp MyRacingCar.cpp main.cpp
         CGObjects.cpp
         MyRacingCar.cpp
         main.cpp
       Link:
         C:\Program Files (x86)\Microsoft Visual Studio 11.0\VC\bin\link.exe /ERRORREPORT:PROMPT /OUT:"C:\Users\yamaya\Documents\Visual Studio 2012\Projects\CGkadai3\Release\CGkadai3.exe" /INCREMENTAL:NO /NOLOGO /LIBPATH:"C:\Users\yamaya\Documents\Visual Studio 2010\glut-3.7.6-bin" freetype252MT.lib ftgl.lib kernel32.lib user32.lib gdi32.lib winspool.lib comdlg32.lib advapi32.lib shell32.lib ole32.lib oleaut32.lib uuid.lib odbc32.lib odbccp32.lib kernel32.lib user32.lib gdi32.lib winspool.lib comdlg32.lib advapi32.lib shell32.lib ole32.lib oleaut32.lib uuid.lib odbc32.lib odbccp32.lib /MANIFEST /MANIFESTUAC:"level='asInvoker' uiAccess='false'" /manifest:embed /DEBUG /PDB:"C:\Users\yamaya\Documents\Visual Studio 2012\Projects\CGkadai3\Release\CGkadai3.pdb" /SUBSYSTEM:CONSOLE /OPT:REF /OPT:ICF /LTCG /TLBID:1 /DYNAMICBASE /NXCOMPAT /IMPLIB:"C:\Users\yamaya\Documents\Visual Studio 2012\Projects\CGkadai3\Release\CGkadai3.lib" /MACHINE:X86 /SAFESEH Release\3DMATH.obj
         Release\CGObjects.obj
         Release\GLMetaseq.obj
         Release\main.obj
         Release\MyRacingCar.obj
         Release\ppmload.obj
         コード生成しています。
         コード生成が終了しました。
         CGkadai3.vcxproj -> C:\Users\yamaya\Documents\Visual Studio 2012\Projects\CGkadai3\Release\CGkadai3.exe
     1>プロジェクト "C:\Users\yamaya\Documents\Visual Studio 2012\Projects\CGkadai3\CGkadai3.vcxproj" (Build ターゲット) のビルドが完了しました。

ビルドに成功しました。

経過時間 00:00:04.91
